C:\USERS\DENNERBOUGO\DESKTOP\TRABALHO_ ESTRUTURA_ARQUIVOS\TRABALHO_ ESTRUTURA_ARQUIVOS\DEBUG\MAIN.OBJ
C:\USERS\DENNERBOUGO\DESKTOP\TRABALHO_ ESTRUTURA_ARQUIVOS\TRABALHO_ ESTRUTURA_ARQUIVOS\DEBUG\CRUD_SEQUENCIAL.OBJ
C:\USERS\DENNERBOUGO\DESKTOP\TRABALHO_ ESTRUTURA_ARQUIVOS\TRABALHO_ ESTRUTURA_ARQUIVOS\DEBUG\VC110.PDB
C:\USERS\DENNERBOUGO\DESKTOP\TRABALHO_ ESTRUTURA_ARQUIVOS\DEBUG\TRABALHO_ ESTRUTURA_ARQUIVOS.ILK
C:\USERS\DENNERBOUGO\DESKTOP\TRABALHO_ ESTRUTURA_ARQUIVOS\DEBUG\TRABALHO_ ESTRUTURA_ARQUIVOS.EXE
C:\USERS\DENNERBOUGO\DESKTOP\TRABALHO_ ESTRUTURA_ARQUIVOS\DEBUG\TRABALHO_ ESTRUTURA_ARQUIVOS.PDB
C:\Users\DennerBougo\Desktop\Trabalho_ Estrutura_Arquivos\Trabalho_ Estrutura_Arquivos\Debug\CRUD_Sequencial.obj
C:\Users\DennerBougo\Desktop\Trabalho_ Estrutura_Arquivos\Trabalho_ Estrutura_Arquivos\Debug\main.obj
C:\Users\DennerBougo\Desktop\Trabalho_ Estrutura_Arquivos\Trabalho_ Estrutura_Arquivos\Debug\cl.command.1.tlog
C:\Users\DennerBougo\Desktop\Trabalho_ Estrutura_Arquivos\Trabalho_ Estrutura_Arquivos\Debug\CL.read.1.tlog
C:\Users\DennerBougo\Desktop\Trabalho_ Estrutura_Arquivos\Trabalho_ Estrutura_Arquivos\Debug\CL.write.1.tlog
C:\Users\DennerBougo\Desktop\Trabalho_ Estrutura_Arquivos\Trabalho_ Estrutura_Arquivos\Debug\link-cvtres.read.1.tlog
C:\Users\DennerBougo\Desktop\Trabalho_ Estrutura_Arquivos\Trabalho_ Estrutura_Arquivos\Debug\link-cvtres.write.1.tlog
C:\Users\DennerBougo\Desktop\Trabalho_ Estrutura_Arquivos\Trabalho_ Estrutura_Arquivos\Debug\link-rc.read.1.tlog
C:\Users\DennerBougo\Desktop\Trabalho_ Estrutura_Arquivos\Trabalho_ Estrutura_Arquivos\Debug\link-rc.write.1.tlog
C:\Users\DennerBougo\Desktop\Trabalho_ Estrutura_Arquivos\Trabalho_ Estrutura_Arquivos\Debug\link.command.1.tlog
C:\Users\DennerBougo\Desktop\Trabalho_ Estrutura_Arquivos\Trabalho_ Estrutura_Arquivos\Debug\link.read.1.tlog
C:\Users\DennerBougo\Desktop\Trabalho_ Estrutura_Arquivos\Trabalho_ Estrutura_Arquivos\Debug\link.write.1.tlog
C:\Users\DennerBougo\Desktop\Trabalho_ Estrutura_Arquivos\Trabalho_ Estrutura_Arquivos\Debug\vc110.idb
C:\Users\DennerBougo\Desktop\Trabalho_ Estrutura_Arquivos\Trabalho_ Estrutura_Arquivos\Debug\vc110.pdb
C:\Users\DennerBougo\Desktop\Trabalho_ Estrutura_Arquivos\Debug\Trabalho_ Estrutura_Arquivos.pdb
C:\Users\DennerBougo\Desktop\Trabalho_ Estrutura_Arquivos\Debug\Trabalho_ Estrutura_Arquivos.exe
C:\Users\DennerBougo\Desktop\Trabalho_ Estrutura_Arquivos\Debug\Trabalho_ Estrutura_Arquivos.ilk
